[debug] [2017-09-26T07:28:33.595Z] ----------------------------------------------------------------------
[debug] [2017-09-26T07:28:33.600Z] Command:       /usr/local/bin/node /usr/local/bin/firebase init
[debug] [2017-09-26T07:28:33.601Z] CLI Version:   3.10.1
[debug] [2017-09-26T07:28:33.601Z] Platform:      darwin
[debug] [2017-09-26T07:28:33.601Z] Node Version:  v7.2.0
[debug] [2017-09-26T07:28:33.603Z] Time:          Tue Sep 26 2017 00:28:33 GMT-0700 (PDT)
[debug] [2017-09-26T07:28:33.603Z] ----------------------------------------------------------------------
[debug] 
[debug] [2017-09-26T07:28:33.624Z] > command requires scopes: ["email","openid","https://www.googleapis.com/auth/cloudplatformprojects.readonly","https://www.googleapis.com/auth/firebase"]
[debug] [2017-09-26T07:28:33.625Z] > authorizing via signed-in user
[info] 
     🔥🔥🔥🔥🔥🔥🔥🔥 🔥🔥🔥🔥 🔥🔥🔥🔥🔥🔥🔥🔥  🔥🔥🔥🔥🔥🔥🔥🔥 🔥🔥🔥🔥🔥🔥🔥🔥     🔥🔥🔥     🔥🔥🔥🔥🔥🔥  🔥🔥🔥🔥🔥🔥🔥🔥
     🔥🔥        🔥🔥  🔥🔥     🔥🔥 🔥🔥       🔥🔥     🔥🔥  🔥🔥   🔥🔥  🔥🔥       🔥🔥
     🔥🔥🔥🔥🔥🔥    🔥🔥  🔥🔥🔥🔥🔥🔥🔥🔥  🔥🔥🔥🔥🔥🔥   🔥🔥🔥🔥🔥🔥🔥🔥  🔥🔥🔥🔥🔥🔥🔥🔥🔥  🔥🔥🔥🔥🔥🔥  🔥🔥🔥🔥🔥🔥
     🔥🔥        🔥🔥  🔥🔥    🔥🔥  🔥🔥       🔥🔥     🔥🔥 🔥🔥     🔥🔥       🔥🔥 🔥🔥
     🔥🔥       🔥🔥🔥🔥 🔥🔥     🔥🔥 🔥🔥🔥🔥🔥🔥🔥🔥 🔥🔥🔥🔥🔥🔥🔥🔥  🔥🔥     🔥🔥  🔥🔥🔥🔥🔥🔥  🔥🔥🔥🔥🔥🔥🔥🔥

You're about to initialize a Firebase project in this directory:

  /Users/maya-novarini/Programming/paws design

[info] 
=== Project Setup
[info] 
[info] First, let's associate this project directory with a Firebase project.
[info] You can create multiple project aliases by running firebase use --add, 
[info] but for now we'll just set up a default project.
[info] 
[debug] [2017-09-26T07:28:42.886Z] > refreshing access token with scopes: ["email","https://www.googleapis.com/auth/cloudplatformprojects.readonly","https://www.googleapis.com/auth/firebase","openid"]
[debug] [2017-09-26T07:28:42.886Z] >>> HTTP REQUEST POST https://www.googleapis.com/oauth2/v3/token { refresh_token: '1/TJEAII8pgWVCOFaISN0fJKgQzsqxxkfklAyvNgMb_lXUJBSpICCmAvpFbP-UAJBU',
  client_id: '563584335869-fgrhgmd47bqnekij5i8b5pr03ho849e6.apps.googleusercontent.com',
  client_secret: 'j9iVZfS8kkCEFUPaAeJV0sAi',
  grant_type: 'refresh_token',
  scope: 'email https://www.googleapis.com/auth/cloudplatformprojects.readonly https://www.googleapis.com/auth/firebase openid' } 
 Tue Sep 26 2017 00:28:42 GMT-0700 (PDT)
[debug] [2017-09-26T07:28:43.120Z] <<< HTTP RESPONSE 200
[debug] [2017-09-26T07:28:43.128Z] >>> HTTP REQUEST GET https://admin.firebase.com/v1/projects  
 Tue Sep 26 2017 00:28:43 GMT-0700 (PDT)
[debug] [2017-09-26T07:28:43.629Z] <<< HTTP RESPONSE 200
[info] 
=== Hosting Setup
[info] 
[info] Your public directory is the folder (relative to your project directory) that
[info] will contain Hosting assets to be uploaded with firebase deploy. If you
[info] have a build process for your assets, use your build's output directory.
[info] 
[info] ✔  Wrote public/404.html
[debug] [2017-09-26T07:30:03.100Z] >>> HTTP REQUEST GET https://www.gstatic.com/firebasejs/releases.json  
 Tue Sep 26 2017 00:30:03 GMT-0700 (PDT)
[debug] [2017-09-26T07:30:03.201Z] <<< HTTP RESPONSE 200
[info] ✔  Wrote public/index.html
[info] 
[info] i  Writing configuration info to firebase.json...
[info] i  Writing project information to .firebaserc...
[info] 
[info] ✔  Firebase initialization complete!
